<?xml version="1.0" encoding="UTF-8"?>
<!-- Generated by org.testng.reporters.JUnitReportReporter -->
<testsuite hostname="DESKTOP-3UDQKKJ" failures="0" tests="2" name="TestNG.CarLoan" time="0.009" errors="0" timestamp="2024-04-08T18:44:24 EDT" skipped="0">
  <testcase classname="TestNG.CarLoan" name="WebLoginCarLoan" time="0.002"/>
  <system-out/>
  <testcase classname="TestNG.CarLoan" name="LoginAPICarLoan" time="0.007"/>
  <system-out/>
</testsuite> <!-- TestNG.CarLoan -->
