<?xml version="1.0" encoding="UTF-8"?>
<!-- Generated by org.testng.reporters.JUnitReportReporter -->
<testsuite hostname="DESKTOP-3UDQKKJ" failures="0" tests="1" name="TestNG.WIthoutJavaCompiler" time="0.009" errors="0" timestamp="2024-04-05T11:57:53 EDT" skipped="0">
  <testcase classname="TestNG.WIthoutJavaCompiler" name="Demo" time="0.009"/>
  <system-out/>
</testsuite> <!-- TestNG.WIthoutJavaCompiler -->
