<?xml version="1.0" encoding="UTF-8"?>
<!-- Generated by org.testng.reporters.JUnitReportReporter -->
<testsuite hostname="DESKTOP-3UDQKKJ" failures="0" tests="4" name="TestNG.xmlfile" time="0.009" errors="0" timestamp="2024-04-09T18:02:48 EDT" skipped="0">
  <testcase classname="TestNG.xmlfile" name="Demo" time="0.006"/>
  <system-out/>
  <testcase classname="TestNG.xmlfile" name="Demo" time="0.001"/>
  <system-out/>
  <testcase classname="TestNG.xmlfile" name="Demo" time="0.001"/>
  <system-out/>
  <testcase classname="TestNG.xmlfile" name="secondTest" time="0.001"/>
  <system-out/>
</testsuite> <!-- TestNG.xmlfile -->
