<?xml version="1.0" encoding="UTF-8"?>
<!-- Generated by org.testng.reporters.JUnitReportReporter -->
<testsuite hostname="DESKTOP-3UDQKKJ" failures="0" tests="3" name="TestNG.HomeLoan" time="0.004" errors="0" timestamp="2024-04-09T18:02:48 EDT" skipped="0">
  <testcase classname="TestNG.HomeLoan" name="MobileLoginHomeLoan" time="0.001"/>
  <system-out/>
  <testcase classname="TestNG.HomeLoan" name="LoginAPIHomeLoan" time="0.002"/>
  <system-out/>
  <testcase classname="TestNG.HomeLoan" name="WebLoginHomeLoan" time="0.001"/>
  <system-out/>
</testsuite> <!-- TestNG.HomeLoan -->
