<?xml version="1.0" encoding="UTF-8"?>
<!-- Generated by org.testng.reporters.JUnitReportReporter -->
<testsuite hostname="DESKTOP-3UDQKKJ" failures="0" tests="1" name="JavaStreams.Demo" time="0.015" errors="0" timestamp="2024-04-20T14:45:05 EDT" skipped="0">
  <testcase classname="JavaStreams.Demo" name="GreaterThan4" time="0.015"/>
  <system-out/>
</testsuite> <!-- JavaStreams.Demo -->
