<?xml version="1.0" encoding="UTF-8"?>
<!-- Generated by org.testng.reporters.JUnitReportReporter -->
<testsuite hostname="DESKTOP-3UDQKKJ" failures="0" tests="1" name="JavaStreams.StreamMap" time="0.009" errors="0" timestamp="2024-04-20T21:16:17 EDT" skipped="0">
  <testcase classname="JavaStreams.StreamMap" name="Map" time="0.009"/>
  <system-out/>
</testsuite> <!-- JavaStreams.StreamMap -->
