<?xml version="1.0" encoding="UTF-8"?>
<!-- Generated by org.testng.reporters.JUnitReportReporter -->
<testsuite hostname="DESKTOP-3UDQKKJ" failures="0" tests="1" name="JavaStreams.StreamMatch" time="0.008" errors="0" timestamp="2024-04-20T21:39:54 EDT" skipped="0">
  <testcase classname="JavaStreams.StreamMatch" name="Match" time="0.008"/>
  <system-out/>
</testsuite> <!-- JavaStreams.StreamMatch -->
