<?xml version="1.0" encoding="UTF-8"?>
<!-- Generated by org.testng.reporters.JUnitReportReporter -->
<testsuite hostname="DESKTOP-3UDQKKJ" failures="0" tests="1" name="JavaStreams.StreamCollect" time="0.007" errors="0" timestamp="2024-04-20T21:53:57 EDT" skipped="0">
  <testcase classname="JavaStreams.StreamCollect" name="Collect" time="0.007"/>
  <system-out/>
</testsuite> <!-- JavaStreams.StreamCollect -->
