<?xml version="1.0" encoding="UTF-8"?>
<!-- Generated by org.testng.reporters.JUnitReportReporter -->
<testsuite hostname="DESKTOP-3UDQKKJ" failures="0" tests="2" name="TestNG.CarLoan" time="0.002" errors="0" timestamp="2024-04-09T18:02:48 EDT" skipped="1">
  <testcase classname="TestNG.CarLoan" name="LoginAPICarLoan" time="0.002"/>
  <system-out/>
  <testcase classname="TestNG.CarLoan" name="WebLoginCarLoan">
    <skipped/>
  </testcase> <!-- WebLoginCarLoan -->
  <system-out/>
</testsuite> <!-- TestNG.CarLoan -->
