<?xml version="1.0" encoding="UTF-8"?>
<!-- Generated by org.testng.reporters.JUnitReportReporter -->
<testsuite hostname="DESKTOP-3UDQKKJ" failures="0" tests="1" name="JavaOOPS.PS1" time="0.008" errors="0" timestamp="2024-04-10T15:42:57 EDT" skipped="0">
  <testcase classname="JavaOOPS.PS1" name="testRun" time="0.008"/>
  <system-out/>
</testsuite> <!-- JavaOOPS.PS1 -->
