<?xml version="1.0" encoding="UTF-8"?>
<!-- Generated by org.testng.reporters.JUnitReportReporter -->
<testsuite hostname="DESKTOP-3UDQKKJ" failures="0" tests="1" name="TestNG.Sample" time="0.001" errors="0" timestamp="2024-04-09T18:02:48 EDT" skipped="0">
  <testcase classname="TestNG.Sample" name="Demo" time="0.001"/>
  <system-out/>
</testsuite> <!-- TestNG.Sample -->
