<?xml version="1.0" encoding="UTF-8"?>
<!-- Generated by org.testng.reporters.JUnitReportReporter -->
<testsuite hostname="DESKTOP-3UDQKKJ" failures="0" tests="1" name="JavaStreams.StreamMerge" time="0.011" errors="0" timestamp="2024-04-20T21:36:52 EDT" skipped="0">
  <testcase classname="JavaStreams.StreamMerge" name="Merge" time="0.011"/>
  <system-out/>
</testsuite> <!-- JavaStreams.StreamMerge -->
