<?xml version="1.0" encoding="UTF-8"?>
<!-- Generated by org.testng.reporters.JUnitReportReporter -->
<testsuite hostname="DESKTOP-3UDQKKJ" failures="0" tests="2" name="POM.PageObjectModel.StandaloneTest" time="41.154" errors="0" timestamp="2024-05-06T21:21:36 EDT" skipped="0">
  <testcase classname="POM.PageObjectModel.StandaloneTest" name="submitOrder" time="19.671"/>
  <testcase classname="POM.PageObjectModel.StandaloneTest" name="submitOrder" time="21.483"/>
</testsuite> <!-- POM.PageObjectModel.StandaloneTest -->
