<?xml version="1.0" encoding="UTF-8"?>
<!-- Generated by org.testng.reporters.JUnitReportReporter -->
<testsuite hostname="DESKTOP-3UDQKKJ" failures="0" tests="1" name="Reports.ExtentReports.ExtentReportDemo" time="6.468" errors="0" timestamp="2024-05-07T18:49:51 EDT" skipped="0">
  <testcase classname="Reports.ExtentReports.ExtentReportDemo" name="initialDemo" time="6.468"/>
</testsuite> <!-- Reports.ExtentReports.ExtentReportDemo -->
